build/app/intermediates/manifest_merge_blame_file/debug/manifest-merger-blame-debug-report.txt
1<?xml version="1.0" encoding="utf-8"?>
2<manifest xmlns:android="http://schemas.android.com/apk/res/android"
3    package="com.example.flutter_app_techno_recent"
4    android:versionCode="1"
5    android:versionName="1.0.0" >
6
7    <uses-sdk
8        android:minSdkVersion="21"
9        android:targetSdkVersion="28" />
10    <!--
11         Flutter needs it to communicate with the running application
12         to allow setting breakpoints, to provide hot reload, etc.
13    -->
14    <uses-permission android:name="android.permission.INTERNET" />
14-->src/debug/AndroidManifest.xml:6:5-66
14-->src/debug/AndroidManifest.xml:6:22-64
15    <uses-permission android:name="android.permission.ACCESS_NETWORK_STATE" />
15-->[:firebase_analytics] AndroidManifest.xml:7:5-79
15-->[:firebase_analytics] AndroidManifest.xml:7:22-76
16    <uses-permission android:name="android.permission.WAKE_LOCK" /> <!-- Required by older versions of Google Play services to create IID tokens -->
16-->[:firebase_analytics] AndroidManifest.xml:9:5-68
16-->[:firebase_analytics] AndroidManifest.xml:9:22-65
17    <uses-permission android:name="com.google.android.c2dm.permission.RECEIVE" />
17-->[com.google.firebase:firebase-iid:17.1.2] AndroidManifest.xml:26:5-82
17-->[com.google.firebase:firebase-iid:17.1.2] AndroidManifest.xml:26:22-79
18    <uses-permission android:name="com.google.android.finsky.permission.BIND_GET_INSTALL_REFERRER_SERVICE" />
18-->[com.google.android.gms:play-services-measurement:16.5.0] AndroidManifest.xml:26:5-110
18-->[com.google.android.gms:play-services-measurement:16.5.0] AndroidManifest.xml:26:22-107
19    <!--
20 io.flutter.app.FlutterApplication is an android.app.Application that
21         calls FlutterMain.startInitialization(this); in its onCreate method.
22         In most cases you can leave this as-is, but you if you want to provide
23         additional functionality it is fine to subclass or reimplement
24         FlutterApplication and put your custom class here.
25    -->
26    <application
26-->src/main/AndroidManifest.xml:8:5-46:19
27        android:name="io.flutter.app.FlutterApplication"
27-->src/main/AndroidManifest.xml:9:9-57
28        android:appComponentFactory="androidx.core.app.CoreComponentFactory"
28-->[androidx.core:core:1.1.0] AndroidManifest.xml:24:18-86
29        android:debuggable="true"
30        android:icon="@mipmap/ic_launcher"
30-->src/main/AndroidManifest.xml:11:9-43
31        android:label="flutter_app_techno_recent"
31-->src/main/AndroidManifest.xml:10:9-50
32        android:supportsRtl="true" >
32-->[com.facebook.android:facebook-login:5.5.1] AndroidManifest.xml:28:18-44
33        <activity
33-->src/main/AndroidManifest.xml:12:9-40:20
34            android:name="com.example.flutter_app_techno_recent.MainActivity"
34-->src/main/AndroidManifest.xml:13:13-41
35            android:configChanges="orientation|keyboardHidden|keyboard|screenSize|smallestScreenSize|locale|layoutDirection|fontScale|screenLayout|density|uiMode"
35-->src/main/AndroidManifest.xml:16:13-163
36            android:hardwareAccelerated="true"
36-->src/main/AndroidManifest.xml:17:13-47
37            android:launchMode="singleTop"
37-->src/main/AndroidManifest.xml:14:13-43
38            android:theme="@style/LaunchTheme"
38-->src/main/AndroidManifest.xml:15:13-47
39            android:windowSoftInputMode="adjustResize" >
39-->src/main/AndroidManifest.xml:18:13-55
40
41            <!--
42                 Specifies an Android theme to apply to this Activity as soon as
43                 the Android process has started. This theme is visible to the user
44                 while the Flutter UI initializes. After that, this theme continues
45                 to determine the Window background behind the Flutter UI.
46            -->
47            <meta-data
47-->src/main/AndroidManifest.xml:23:13-26:17
48                android:name="io.flutter.embedding.android.NormalTheme"
48-->src/main/AndroidManifest.xml:24:15-70
49                android:resource="@style/NormalTheme" />
49-->src/main/AndroidManifest.xml:25:15-52
50            <!--
51                 Displays an Android View that continues showing the launch screen
52                 Drawable until Flutter paints its first frame, then this splash
53                 screen fades out. A splash screen is useful to avoid any visual
54                 gap between the end of Android's launch screen and the painting of
55                 Flutter's first frame.
56            -->
57            <meta-data
57-->src/main/AndroidManifest.xml:32:13-35:17
58                android:name="io.flutter.embedding.android.SplashScreenDrawable"
58-->src/main/AndroidManifest.xml:33:15-79
59                android:resource="@drawable/launch_background" />
59-->src/main/AndroidManifest.xml:34:15-61
60
61            <intent-filter>
61-->src/main/AndroidManifest.xml:36:13-39:29
62                <action android:name="android.intent.action.MAIN" />
62-->src/main/AndroidManifest.xml:37:17-68
62-->src/main/AndroidManifest.xml:37:25-66
63
64                <category android:name="android.intent.category.LAUNCHER" />
64-->src/main/AndroidManifest.xml:38:17-76
64-->src/main/AndroidManifest.xml:38:27-74
65            </intent-filter>
66        </activity>
67        <!--
68             Don't delete the meta-data below.
69             This is used by the Flutter tool to generate GeneratedPluginRegistrant.java
70        -->
71        <meta-data
71-->src/main/AndroidManifest.xml:43:9-45:33
72            android:name="flutterEmbedding"
72-->src/main/AndroidManifest.xml:44:13-44
73            android:value="2" />
73-->src/main/AndroidManifest.xml:45:13-30
74
75        <service
75-->[:firebase_auth] AndroidManifest.xml:8:9-12:19
76            android:name="com.google.firebase.components.ComponentDiscoveryService"
76-->[:firebase_auth] AndroidManifest.xml:8:18-89
77            android:directBootAware="true"
77-->[com.google.firebase:firebase-common:19.3.0] AndroidManifest.xml:34:13-43
78            android:exported="false" >
78-->[com.google.firebase:firebase-auth:19.2.0] AndroidManifest.xml:35:13-37
79            <meta-data
79-->[:firebase_auth] AndroidManifest.xml:9:13-11:85
80                android:name="com.google.firebase.components:io.flutter.plugins.firebaseauth.FlutterFirebaseAppRegistrar"
80-->[:firebase_auth] AndroidManifest.xml:10:17-122
81                android:value="com.google.firebase.components.ComponentRegistrar" />
81-->[:firebase_auth] AndroidManifest.xml:11:17-82
82            <meta-data
82-->[:cloud_firestore] AndroidManifest.xml:9:13-11:85
83                android:name="com.google.firebase.components:io.flutter.plugins.firebase.cloudfirestore.FlutterFirebaseAppRegistrar"
83-->[:cloud_firestore] AndroidManifest.xml:10:17-133
84                android:value="com.google.firebase.components.ComponentRegistrar" />
84-->[:cloud_firestore] AndroidManifest.xml:11:17-82
85            <meta-data
85-->[:firebase_database] AndroidManifest.xml:9:13-11:85
86                android:name="com.google.firebase.components:io.flutter.plugins.firebase.database.FlutterFirebaseAppRegistrar"
86-->[:firebase_database] AndroidManifest.xml:10:17-127
87                android:value="com.google.firebase.components.ComponentRegistrar" />
87-->[:firebase_database] AndroidManifest.xml:11:17-82
88            <meta-data
88-->[:firebase_core] AndroidManifest.xml:9:13-11:85
89                android:name="com.google.firebase.components:io.flutter.plugins.firebase.core.FlutterFirebaseAppRegistrar"
89-->[:firebase_core] AndroidManifest.xml:10:17-123
90                android:value="com.google.firebase.components.ComponentRegistrar" />
90-->[:firebase_core] AndroidManifest.xml:11:17-82
91            <meta-data
91-->[:firebase_analytics] AndroidManifest.xml:13:13-15:85
92                android:name="com.google.firebase.components:io.flutter.plugins.firebaseanalytics.FlutterFirebaseAppRegistrar"
92-->[:firebase_analytics] AndroidManifest.xml:14:17-127
93                android:value="com.google.firebase.components.ComponentRegistrar" />
93-->[:firebase_analytics] AndroidManifest.xml:15:17-82
94            <meta-data
94-->[com.google.firebase:firebase-auth:19.2.0] AndroidManifest.xml:36:13-38:85
95                android:name="com.google.firebase.components:com.google.firebase.auth.FirebaseAuthRegistrar"
95-->[com.google.firebase:firebase-auth:19.2.0] AndroidManifest.xml:37:17-109
96                android:value="com.google.firebase.components.ComponentRegistrar" />
96-->[com.google.firebase:firebase-auth:19.2.0] AndroidManifest.xml:38:17-82
97            <meta-data
97-->[com.google.firebase:firebase-firestore:21.3.0] AndroidManifest.xml:20:13-22:85
98                android:name="com.google.firebase.components:com.google.firebase.firestore.FirestoreRegistrar"
98-->[com.google.firebase:firebase-firestore:21.3.0] AndroidManifest.xml:21:17-111
99                android:value="com.google.firebase.components.ComponentRegistrar" />
99-->[com.google.firebase:firebase-firestore:21.3.0] AndroidManifest.xml:22:17-82
100            <meta-data
100-->[com.google.firebase:firebase-database:17.0.0] AndroidManifest.xml:30:13-32:85
101                android:name="com.google.firebase.components:com.google.firebase.database.DatabaseRegistrar"
101-->[com.google.firebase:firebase-database:17.0.0] AndroidManifest.xml:31:17-109
102                android:value="com.google.firebase.components.ComponentRegistrar" />
102-->[com.google.firebase:firebase-database:17.0.0] AndroidManifest.xml:32:17-82
103            <meta-data
103-->[com.google.android.gms:play-services-measurement-api:16.5.0] AndroidManifest.xml:30:13-32:85
104                android:name="com.google.firebase.components:com.google.firebase.analytics.connector.internal.AnalyticsConnectorRegistrar"
104-->[com.google.android.gms:play-services-measurement-api:16.5.0] AndroidManifest.xml:31:17-139
105                android:value="com.google.firebase.components.ComponentRegistrar" />
105-->[com.google.android.gms:play-services-measurement-api:16.5.0] AndroidManifest.xml:32:17-82
106            <meta-data
106-->[com.google.firebase:firebase-iid:17.1.2] AndroidManifest.xml:32:13-34:85
107                android:name="com.google.firebase.components:com.google.firebase.iid.Registrar"
107-->[com.google.firebase:firebase-iid:17.1.2] AndroidManifest.xml:33:17-96
108                android:value="com.google.firebase.components.ComponentRegistrar" />
108-->[com.google.firebase:firebase-iid:17.1.2] AndroidManifest.xml:34:17-82
109        </service>
110
111        <activity
111-->[:url_launcher] AndroidManifest.xml:8:9-11:74
112            android:name="io.flutter.plugins.urllauncher.WebViewActivity"
112-->[:url_launcher] AndroidManifest.xml:9:13-74
113            android:exported="false"
113-->[:url_launcher] AndroidManifest.xml:10:13-37
114            android:theme="@android:style/Theme.NoTitleBar.Fullscreen" />
114-->[:url_launcher] AndroidManifest.xml:11:13-71
115        <activity
115-->[com.google.firebase:firebase-auth:19.2.0] AndroidManifest.xml:24:9-31:50
116            android:name="com.google.firebase.auth.internal.FederatedSignInActivity"
116-->[com.google.firebase:firebase-auth:19.2.0] AndroidManifest.xml:25:13-85
117            android:excludeFromRecents="true"
117-->[com.google.firebase:firebase-auth:19.2.0] AndroidManifest.xml:26:13-46
118            android:exported="true"
118-->[com.google.firebase:firebase-auth:19.2.0] AndroidManifest.xml:27:13-36
119            android:launchMode="singleTask"
119-->[com.google.firebase:firebase-auth:19.2.0] AndroidManifest.xml:28:13-44
120            android:permission="com.google.firebase.auth.api.gms.permission.LAUNCH_FEDERATED_SIGN_IN"
120-->[com.google.firebase:firebase-auth:19.2.0] AndroidManifest.xml:29:13-102
121            android:theme="@android:style/Theme.Translucent.NoTitleBar" />
121-->[com.google.firebase:firebase-auth:19.2.0] AndroidManifest.xml:30:13-72
122        <activity
122-->[com.facebook.android:facebook-common:5.5.1] AndroidManifest.xml:29:9-32:66
123            android:name="com.facebook.FacebookActivity"
123-->[com.facebook.android:facebook-common:5.5.1] AndroidManifest.xml:30:13-57
124            android:configChanges="keyboard|keyboardHidden|screenLayout|screenSize|orientation"
124-->[com.facebook.android:facebook-common:5.5.1] AndroidManifest.xml:31:13-96
125            android:theme="@style/com_facebook_activity_theme" />
125-->[com.facebook.android:facebook-common:5.5.1] AndroidManifest.xml:32:13-63
126        <activity android:name="com.facebook.CustomTabMainActivity" />
126-->[com.facebook.android:facebook-common:5.5.1] AndroidManifest.xml:33:9-71
126-->[com.facebook.android:facebook-common:5.5.1] AndroidManifest.xml:33:19-68
127        <activity android:name="com.facebook.CustomTabActivity" />
127-->[com.facebook.android:facebook-common:5.5.1] AndroidManifest.xml:34:9-67
127-->[com.facebook.android:facebook-common:5.5.1] AndroidManifest.xml:34:19-64
128        <activity
128-->[com.google.android.gms:play-services-auth:16.0.1] AndroidManifest.xml:23:9-27:75
129            android:name="com.google.android.gms.auth.api.signin.internal.SignInHubActivity"
129-->[com.google.android.gms:play-services-auth:16.0.1] AndroidManifest.xml:24:13-93
130            android:excludeFromRecents="true"
130-->[com.google.android.gms:play-services-auth:16.0.1] AndroidManifest.xml:25:13-46
131            android:exported="false"
131-->[com.google.android.gms:play-services-auth:16.0.1] AndroidManifest.xml:26:13-37
132            android:theme="@android:style/Theme.Translucent.NoTitleBar" />
132-->[com.google.android.gms:play-services-auth:16.0.1] AndroidManifest.xml:27:13-72
133        <!--
134            Service handling Google Sign-In user revocation. For apps that do not integrate with
135            Google Sign-In, this service will never be started.
136        -->
137        <service
137-->[com.google.android.gms:play-services-auth:16.0.1] AndroidManifest.xml:33:9-36:110
138            android:name="com.google.android.gms.auth.api.signin.RevocationBoundService"
138-->[com.google.android.gms:play-services-auth:16.0.1] AndroidManifest.xml:34:13-89
139            android:exported="true"
139-->[com.google.android.gms:play-services-auth:16.0.1] AndroidManifest.xml:35:13-36
140            android:permission="com.google.android.gms.auth.api.signin.permission.REVOCATION_NOTIFICATION" />
140-->[com.google.android.gms:play-services-auth:16.0.1] AndroidManifest.xml:36:13-107
141
142        <receiver
142-->[com.google.firebase:firebase-iid:17.1.2] AndroidManifest.xml:37:9-44:20
143            android:name="com.google.firebase.iid.FirebaseInstanceIdReceiver"
143-->[com.google.firebase:firebase-iid:17.1.2] AndroidManifest.xml:38:13-78
144            android:exported="true"
144-->[com.google.firebase:firebase-iid:17.1.2] AndroidManifest.xml:39:13-36
145            android:permission="com.google.android.c2dm.permission.SEND" >
145-->[com.google.firebase:firebase-iid:17.1.2] AndroidManifest.xml:40:13-73
146            <intent-filter>
146-->[com.google.firebase:firebase-iid:17.1.2] AndroidManifest.xml:41:13-43:29
147                <action android:name="com.google.android.c2dm.intent.RECEIVE" />
147-->[com.google.firebase:firebase-iid:17.1.2] AndroidManifest.xml:42:17-81
147-->[com.google.firebase:firebase-iid:17.1.2] AndroidManifest.xml:42:25-78
148            </intent-filter>
149        </receiver>
150        <!--
151             FirebaseInstanceIdService performs security checks at runtime,
152             no need for explicit permissions despite exported="true"
153        -->
154        <service
154-->[com.google.firebase:firebase-iid:17.1.2] AndroidManifest.xml:50:9-56:19
155            android:name="com.google.firebase.iid.FirebaseInstanceIdService"
155-->[com.google.firebase:firebase-iid:17.1.2] AndroidManifest.xml:51:13-77
156            android:exported="true" >
156-->[com.google.firebase:firebase-iid:17.1.2] AndroidManifest.xml:52:13-36
157            <intent-filter android:priority="-500" >
157-->[com.google.firebase:firebase-iid:17.1.2] AndroidManifest.xml:53:13-55:29
157-->[com.google.firebase:firebase-iid:17.1.2] AndroidManifest.xml:53:28-51
158                <action android:name="com.google.firebase.INSTANCE_ID_EVENT" />
158-->[com.google.firebase:firebase-iid:17.1.2] AndroidManifest.xml:54:17-80
158-->[com.google.firebase:firebase-iid:17.1.2] AndroidManifest.xml:54:25-77
159            </intent-filter>
160        </service>
161
162        <provider
162-->[com.google.firebase:firebase-common:19.3.0] AndroidManifest.xml:26:9-30:39
163            android:name="com.google.firebase.provider.FirebaseInitProvider"
163-->[com.google.firebase:firebase-common:19.3.0] AndroidManifest.xml:27:13-77
164            android:authorities="com.example.flutter_app_techno_recent.firebaseinitprovider"
164-->[com.google.firebase:firebase-common:19.3.0] AndroidManifest.xml:28:13-72
165            android:exported="false"
165-->[com.google.firebase:firebase-common:19.3.0] AndroidManifest.xml:29:13-37
166            android:initOrder="100" />
166-->[com.google.firebase:firebase-common:19.3.0] AndroidManifest.xml:30:13-36
167
168        <receiver
168-->[com.google.android.gms:play-services-measurement:16.5.0] AndroidManifest.xml:29:9-33:20
169            android:name="com.google.android.gms.measurement.AppMeasurementReceiver"
169-->[com.google.android.gms:play-services-measurement:16.5.0] AndroidManifest.xml:30:13-85
170            android:enabled="true"
170-->[com.google.android.gms:play-services-measurement:16.5.0] AndroidManifest.xml:31:13-35
171            android:exported="false" >
171-->[com.google.android.gms:play-services-measurement:16.5.0] AndroidManifest.xml:32:13-37
172        </receiver>
173        <receiver
173-->[com.google.android.gms:play-services-measurement:16.5.0] AndroidManifest.xml:34:9-42:20
174            android:name="com.google.android.gms.measurement.AppMeasurementInstallReferrerReceiver"
174-->[com.google.android.gms:play-services-measurement:16.5.0] AndroidManifest.xml:35:13-100
175            android:enabled="true"
175-->[com.google.android.gms:play-services-measurement:16.5.0] AndroidManifest.xml:36:13-35
176            android:exported="true"
176-->[com.google.android.gms:play-services-measurement:16.5.0] AndroidManifest.xml:37:13-36
177            android:permission="android.permission.INSTALL_PACKAGES" >
177-->[com.google.android.gms:play-services-measurement:16.5.0] AndroidManifest.xml:38:13-69
178            <intent-filter>
178-->[com.google.android.gms:play-services-measurement:16.5.0] AndroidManifest.xml:39:13-41:29
179                <action android:name="com.android.vending.INSTALL_REFERRER" />
179-->[com.google.android.gms:play-services-measurement:16.5.0] AndroidManifest.xml:40:17-79
179-->[com.google.android.gms:play-services-measurement:16.5.0] AndroidManifest.xml:40:25-76
180            </intent-filter>
181        </receiver>
182
183        <service
183-->[com.google.android.gms:play-services-measurement:16.5.0] AndroidManifest.xml:44:9-47:40
184            android:name="com.google.android.gms.measurement.AppMeasurementService"
184-->[com.google.android.gms:play-services-measurement:16.5.0] AndroidManifest.xml:45:13-84
185            android:enabled="true"
185-->[com.google.android.gms:play-services-measurement:16.5.0] AndroidManifest.xml:46:13-35
186            android:exported="false" />
186-->[com.google.android.gms:play-services-measurement:16.5.0] AndroidManifest.xml:47:13-37
187        <service
187-->[com.google.android.gms:play-services-measurement:16.5.0] AndroidManifest.xml:48:9-52:72
188            android:name="com.google.android.gms.measurement.AppMeasurementJobService"
188-->[com.google.android.gms:play-services-measurement:16.5.0] AndroidManifest.xml:49:13-87
189            android:enabled="true"
189-->[com.google.android.gms:play-services-measurement:16.5.0] AndroidManifest.xml:50:13-35
190            android:exported="false"
190-->[com.google.android.gms:play-services-measurement:16.5.0] AndroidManifest.xml:51:13-37
191            android:permission="android.permission.BIND_JOB_SERVICE" />
191-->[com.google.android.gms:play-services-measurement:16.5.0] AndroidManifest.xml:52:13-69
192
193        <activity
193-->[com.google.android.gms:play-services-base:17.1.0] AndroidManifest.xml:23:9-26:75
194            android:name="com.google.android.gms.common.api.GoogleApiActivity"
194-->[com.google.android.gms:play-services-base:17.1.0] AndroidManifest.xml:24:13-79
195            android:exported="false"
195-->[com.google.android.gms:play-services-base:17.1.0] AndroidManifest.xml:25:13-37
196            android:theme="@android:style/Theme.Translucent.NoTitleBar" />
196-->[com.google.android.gms:play-services-base:17.1.0] AndroidManifest.xml:26:13-72
197
198        <meta-data
198-->[com.google.android.gms:play-services-basement:17.0.0] AndroidManifest.xml:23:9-25:69
199            android:name="com.google.android.gms.version"
199-->[com.google.android.gms:play-services-basement:17.0.0] AndroidManifest.xml:24:13-58
200            android:value="@integer/google_play_services_version" />
200-->[com.google.android.gms:play-services-basement:17.0.0] AndroidManifest.xml:25:13-66
201        <!--
202         The initialization ContentProvider will call FacebookSdk.sdkInitialize automatically
203         with the application context. This config is merged in with the host app's manifest,
204         but there can only be one provider with the same authority activated at any given
205         point; so if the end user has two or more different apps that use Facebook SDK, only the
206         first one will be able to use the provider. To work around this problem, we use the
207         following placeholder in the authority to identify each host application as if it was
208         a completely different provider.
209        -->
210        <provider
210-->[com.facebook.android:facebook-core:5.5.1] AndroidManifest.xml:39:9-42:40
211            android:name="com.facebook.internal.FacebookInitProvider"
211-->[com.facebook.android:facebook-core:5.5.1] AndroidManifest.xml:40:13-70
212            android:authorities="com.example.flutter_app_techno_recent.FacebookInitProvider"
212-->[com.facebook.android:facebook-core:5.5.1] AndroidManifest.xml:41:13-72
213            android:exported="false" />
213-->[com.facebook.android:facebook-core:5.5.1] AndroidManifest.xml:42:13-37
214
215        <receiver
215-->[com.facebook.android:facebook-core:5.5.1] AndroidManifest.xml:44:9-50:20
216            android:name="com.facebook.CurrentAccessTokenExpirationBroadcastReceiver"
216-->[com.facebook.android:facebook-core:5.5.1] AndroidManifest.xml:45:13-86
217            android:exported="false" >
217-->[com.facebook.android:facebook-core:5.5.1] AndroidManifest.xml:46:13-37
218            <intent-filter>
218-->[com.facebook.android:facebook-core:5.5.1] AndroidManifest.xml:47:13-49:29
219                <action android:name="com.facebook.sdk.ACTION_CURRENT_ACCESS_TOKEN_CHANGED" />
219-->[com.facebook.android:facebook-core:5.5.1] AndroidManifest.xml:48:17-95
219-->[com.facebook.android:facebook-core:5.5.1] AndroidManifest.xml:48:25-92
220            </intent-filter>
221        </receiver>
222        <receiver
222-->[com.facebook.android:facebook-core:5.5.1] AndroidManifest.xml:51:9-58:20
223            android:name="com.facebook.CampaignTrackingReceiver"
223-->[com.facebook.android:facebook-core:5.5.1] AndroidManifest.xml:52:13-65
224            android:exported="true"
224-->[com.facebook.android:facebook-core:5.5.1] AndroidManifest.xml:53:13-36
225            android:permission="android.permission.INSTALL_PACKAGES" >
225-->[com.facebook.android:facebook-core:5.5.1] AndroidManifest.xml:54:13-69
226            <intent-filter>
226-->[com.google.android.gms:play-services-measurement:16.5.0] AndroidManifest.xml:39:13-41:29
227                <action android:name="com.android.vending.INSTALL_REFERRER" />
227-->[com.google.android.gms:play-services-measurement:16.5.0] AndroidManifest.xml:40:17-79
227-->[com.google.android.gms:play-services-measurement:16.5.0] AndroidManifest.xml:40:25-76
228            </intent-filter>
229        </receiver>
230    </application>
231
232</manifest>